2025-05-10 19:39:15.645 +03:00 [INF] Now listening on: http://localhost:5087
2025-05-10 19:39:15.670 +03:00 [INF] Application started. Press Ctrl+C to shut down.
2025-05-10 19:39:15.670 +03:00 [INF] Hosting environment: Development
2025-05-10 19:39:15.670 +03:00 [INF] Content root path: /Users/jkigozi/Desktop/DFCU/Dfcu/PaymentGateway.Api
2025-05-10 19:39:16.418 +03:00 [INF] Request starting HTTP/1.1 GET http://localhost:5087/swagger/index.html - null null
2025-05-10 19:39:16.507 +03:00 [INF] Request finished HTTP/1.1 GET http://localhost:5087/swagger/index.html - 200 null text/html;charset=utf-8 89.7817ms
2025-05-10 19:39:16.564 +03:00 [INF] Request starting HTTP/1.1 GET http://localhost:5087/swagger/v1/swagger.json - null null
2025-05-10 19:39:16.616 +03:00 [INF] Request finished HTTP/1.1 GET http://localhost:5087/swagger/v1/swagger.json - 200 null application/json;charset=utf-8 52.1291ms
2025-05-10 19:39:21.928 +03:00 [INF] Request starting HTTP/1.1 POST http://localhost:5087/initiate - application/json 119
2025-05-10 19:39:21.936 +03:00 [INF] Executing endpoint 'PaymentGateway.Api.Controllers.PaymentsController.Initiate (PaymentGateway.Api)'
2025-05-10 19:39:21.964 +03:00 [INF] Route matched with {action = "Initiate", controller = "Payments"}. Executing controller action with signature System.Threading.Tasks.Task`1[Microsoft.AspNetCore.Mvc.IActionResult] Initiate(PaymentGateway.Application.DTOs.PaymentRequestDto) on controller PaymentGateway.Api.Controllers.PaymentsController (PaymentGateway.Api).
2025-05-10 19:39:22.071 +03:00 [INF] Executing action method PaymentGateway.Api.Controllers.PaymentsController.Initiate (PaymentGateway.Api) - Validation state: "Valid"
2025-05-10 19:39:22.177 +03:00 [INF] Adding transaction: {"Id":"454c6aa0-0fcc-4967-b4ce-6f024b9c7f8d","Payer":"1111111111","Payee":"2222222222","Amount":10,"Currency":"UGX","PaymentReference":"string","Status":"FAILURE","CreatedAt":"2025-05-10T16:39:22.0729230Z","$type":"Transaction"}
2025-05-10 19:39:22.339 +03:00 [WRN] No store type was specified for the decimal property 'Amount' on entity type 'Transaction'. This will cause values to be silently truncated if they do not fit in the default precision and scale. Explicitly specify the SQL server column type that can accommodate all the values in 'OnModelCreating' using 'HasColumnType', specify precision and scale using 'HasPrecision', or configure a value converter using 'HasConversion'.
2025-05-10 19:39:22.518 +03:00 [INF] Executed DbCommand (35ms) [Parameters=[@Id='?' (DbType = Guid), @Payer='?' (Size = 10), @Payee='?' (Size = 10), @Amount='?' (DbType = Decimal), @Currency='?' (Size = 3), @PaymentReference='?' (Size = 6), @Status='?' (Size = 7), @CreatedAt='?' (DbType = DateTime)], CommandType='"Text"', CommandTimeout='30']
EXEC sp_AddTransaction @Id, @Payer, @Payee, @Amount, @Currency, @PaymentReference, @Status, @CreatedAt
2025-05-10 19:39:22.522 +03:00 [INF] Transaction added successfully: "454c6aa0-0fcc-4967-b4ce-6f024b9c7f8d"
2025-05-10 19:39:22.524 +03:00 [INF] Executed action method PaymentGateway.Api.Controllers.PaymentsController.Initiate (PaymentGateway.Api), returned result Microsoft.AspNetCore.Mvc.ObjectResult in 451.4855ms.
2025-05-10 19:39:22.527 +03:00 [INF] Executing ObjectResult, writing value of type 'PaymentGateway.Application.DTOs.PaymentResponseDto'.
2025-05-10 19:39:22.537 +03:00 [INF] Executed action PaymentGateway.Api.Controllers.PaymentsController.Initiate (PaymentGateway.Api) in 571.3576ms
2025-05-10 19:39:22.537 +03:00 [INF] Executed endpoint 'PaymentGateway.Api.Controllers.PaymentsController.Initiate (PaymentGateway.Api)'
2025-05-10 19:39:22.543 +03:00 [INF] Request finished HTTP/1.1 POST http://localhost:5087/initiate - 400 null application/json; charset=utf-8 615.1974ms
